25-Feb-2023 13:34:18.892 INFOS [main] java.lang.reflect.Method.invoke Nom version serveur :              Apache Tomcat (TomEE)/10.0.27 (9.0.0)
25-Feb-2023 13:34:18.893 INFOS [main] java.lang.reflect.Method.invoke Serveur compilé :                  Oct 3 2022 14:18:31 UTC
25-Feb-2023 13:34:18.893 INFOS [main] java.lang.reflect.Method.invoke Version du serveur :               10.0.27.0
25-Feb-2023 13:34:18.893 INFOS [main] java.lang.reflect.Method.invoke Nom de l'OS :                      Mac OS X
25-Feb-2023 13:34:18.893 INFOS [main] java.lang.reflect.Method.invoke Version OS :                       13.2.1
25-Feb-2023 13:34:18.893 INFOS [main] java.lang.reflect.Method.invoke Architecture :                     x86_64
25-Feb-2023 13:34:18.893 INFOS [main] java.lang.reflect.Method.invoke Java Home :                        /usr/local/Cellar/openjdk/19.0.2/libexec/openjdk.jdk/Contents/Home
25-Feb-2023 13:34:18.893 INFOS [main] java.lang.reflect.Method.invoke Version JVM :                      19.0.2
25-Feb-2023 13:34:18.893 INFOS [main] java.lang.reflect.Method.invoke Fournisseur de la JVM :            Homebrew
25-Feb-2023 13:34:18.893 INFOS [main] java.lang.reflect.Method.invoke CATALINA_BASE :                    /Users/thekingzeineddine/eclipse-workspace/familio/target/apache-tomee
25-Feb-2023 13:34:18.893 INFOS [main] java.lang.reflect.Method.invoke CATALINA_HOME :                    /Users/thekingzeineddine/eclipse-workspace/familio/target/apache-tomee
25-Feb-2023 13:34:18.907 INFOS [main] java.lang.reflect.Method.invoke Argument de la ligne de commande : -XX:+HeapDumpOnOutOfMemoryError
25-Feb-2023 13:34:18.907 INFOS [main] java.lang.reflect.Method.invoke Argument de la ligne de commande : -Dorg.apache.catalina.STRICT_SERVLET_COMPLIANCE=false
25-Feb-2023 13:34:18.907 INFOS [main] java.lang.reflect.Method.invoke Argument de la ligne de commande : -Dopenejb.session.manager=org.apache.tomee.catalina.session.QuickSessionManager
25-Feb-2023 13:34:18.907 INFOS [main] java.lang.reflect.Method.invoke Argument de la ligne de commande : -Dtomee.remote.support=true
25-Feb-2023 13:34:18.907 INFOS [main] java.lang.reflect.Method.invoke Argument de la ligne de commande : -Dopenejb.system.apps=false
25-Feb-2023 13:34:18.907 INFOS [main] java.lang.reflect.Method.invoke Argument de la ligne de commande : -Dtomee.jsp-development=true
25-Feb-2023 13:34:18.907 INFOS [main] java.lang.reflect.Method.invoke Argument de la ligne de commande : -Djava.util.logging.config.file=/Users/thekingzeineddine/eclipse-workspace/familio/target/apache-tomee/conf/logging.properties
25-Feb-2023 13:34:18.908 INFOS [main] java.lang.reflect.Method.invoke Argument de la ligne de commande : -javaagent:/Users/thekingzeineddine/eclipse-workspace/familio/target/apache-tomee/lib/openejb-javaagent.jar
25-Feb-2023 13:34:18.908 INFOS [main] java.lang.reflect.Method.invoke Argument de la ligne de commande : -Djava.util.logging.manager=org.apache.juli.ClassLoaderLogManager
25-Feb-2023 13:34:18.908 INFOS [main] java.lang.reflect.Method.invoke Argument de la ligne de commande : -Djava.io.tmpdir=/Users/thekingzeineddine/eclipse-workspace/familio/target/apache-tomee/temp
25-Feb-2023 13:34:18.908 INFOS [main] java.lang.reflect.Method.invoke Argument de la ligne de commande : -Dcatalina.base=/Users/thekingzeineddine/eclipse-workspace/familio/target/apache-tomee
25-Feb-2023 13:34:18.908 INFOS [main] java.lang.reflect.Method.invoke Argument de la ligne de commande : -Dcatalina.home=/Users/thekingzeineddine/eclipse-workspace/familio/target/apache-tomee
25-Feb-2023 13:34:18.908 INFOS [main] java.lang.reflect.Method.invoke Argument de la ligne de commande : -Dcatalina.ext.dirs=/Users/thekingzeineddine/eclipse-workspace/familio/target/apache-tomee/lib
25-Feb-2023 13:34:18.908 INFOS [main] java.lang.reflect.Method.invoke Argument de la ligne de commande : -Dorg.apache.tomcat.util.http.ServerCookie.ALLOW_HTTP_SEPARATORS_IN_V0=true
25-Feb-2023 13:34:18.908 INFOS [main] java.lang.reflect.Method.invoke Argument de la ligne de commande : -ea
25-Feb-2023 13:34:18.921 INFOS [main] java.lang.reflect.Method.invoke La librairie Apache Tomcat Native basée sur APR qui permet des performances optimales dans les environnements de production n'a pas été trouvée sur le java.library.path : [/Users/thekingzeineddine/Library/Java/Extensions:/Library/Java/Extensions:/Network/Library/Java/Extensions:/System/Library/Java/Extensions:/usr/lib/java:.]
25-Feb-2023 13:34:19.348 INFOS [main] java.lang.reflect.Method.invoke Initialisation du gestionnaire de protocole ["http-nio-8080"]
25-Feb-2023 13:34:19.529 INFOS [main] org.apache.openejb.util.OptionsLog.info Using 'tomee.remote.support=true'
25-Feb-2023 13:34:19.539 INFOS [main] org.apache.openejb.util.OptionsLog.info Using 'openejb.jdbc.datasource-creator=org.apache.tomee.jdbc.TomEEDataSourceCreator'
25-Feb-2023 13:34:19.641 INFOS [main] org.apache.openejb.OpenEJB$Instance.<init> ********************************************************************************
25-Feb-2023 13:34:19.642 INFOS [main] org.apache.openejb.OpenEJB$Instance.<init> OpenEJB http://tomee.apache.org/
25-Feb-2023 13:34:19.642 INFOS [main] org.apache.openejb.OpenEJB$Instance.<init> Startup: Sat Feb 25 13:34:19 CET 2023
25-Feb-2023 13:34:19.642 INFOS [main] org.apache.openejb.OpenEJB$Instance.<init> Copyright 1999-2021 (C) Apache TomEE Project, All Rights Reserved.
25-Feb-2023 13:34:19.642 INFOS [main] org.apache.openejb.OpenEJB$Instance.<init> Version: 9.0.0
25-Feb-2023 13:34:19.642 INFOS [main] org.apache.openejb.OpenEJB$Instance.<init> Build date: 20230103
25-Feb-2023 13:34:19.642 INFOS [main] org.apache.openejb.OpenEJB$Instance.<init> Build time: 09:35
25-Feb-2023 13:34:19.642 INFOS [main] org.apache.openejb.OpenEJB$Instance.<init> ********************************************************************************
25-Feb-2023 13:34:19.642 INFOS [main] org.apache.openejb.OpenEJB$Instance.<init> openejb.home = /Users/thekingzeineddine/eclipse-workspace/familio/target/apache-tomee
25-Feb-2023 13:34:19.642 INFOS [main] org.apache.openejb.OpenEJB$Instance.<init> openejb.base = /Users/thekingzeineddine/eclipse-workspace/familio/target/apache-tomee
25-Feb-2023 13:34:19.644 INFOS [main] org.apache.openejb.cdi.CdiBuilder.initializeOWB Created new singletonService org.apache.openejb.cdi.ThreadSingletonServiceImpl@21337f7b
25-Feb-2023 13:34:19.646 INFOS [main] org.apache.openejb.cdi.CdiBuilder.initializeOWB Succeeded in installing singleton service
25-Feb-2023 13:34:19.681 INFOS [main] org.apache.openejb.config.ConfigurationFactory.init TomEE configuration file is '/Users/thekingzeineddine/eclipse-workspace/familio/target/apache-tomee/conf/tomee.xml'
25-Feb-2023 13:34:19.717 INFOS [main] org.apache.openejb.config.ConfigurationFactory.configureService Configuring Service(id=Tomcat Security Service, type=SecurityService, provider-id=Tomcat Security Service)
25-Feb-2023 13:34:19.719 INFOS [main] org.apache.openejb.config.ConfigurationFactory.configureService Configuring Service(id=Default Transaction Manager, type=TransactionManager, provider-id=Default Transaction Manager)
25-Feb-2023 13:34:19.721 INFOS [main] org.apache.openejb.util.OptionsLog.info Using 'openejb.system.apps=false'
25-Feb-2023 13:34:19.721 INFOS [main] org.apache.openejb.util.OptionsLog.info Using 'openejb.deployments.classpath=false'
25-Feb-2023 13:34:19.747 INFOS [main] org.apache.openejb.assembler.classic.Assembler.createRecipe Creating TransactionManager(id=Default Transaction Manager)
25-Feb-2023 13:34:19.861 INFOS [main] org.apache.openejb.assembler.classic.Assembler.createRecipe Creating SecurityService(id=Tomcat Security Service)
25-Feb-2023 13:34:19.936 INFOS [main] org.apache.openejb.server.ServiceManager.initServer Creating ServerService(id=cxf)
25-Feb-2023 13:34:20.100 INFOS [main] org.apache.openejb.server.ServiceManager.initServer Creating ServerService(id=cxf-rs)
25-Feb-2023 13:34:20.123 INFOS [main] org.apache.openejb.server.SimpleServiceManager.start   ** Bound Services **
25-Feb-2023 13:34:20.124 INFOS [main] org.apache.openejb.server.SimpleServiceManager.printRow   NAME                 IP              PORT  
25-Feb-2023 13:34:20.124 INFOS [main] org.apache.openejb.server.SimpleServiceManager.start -------
25-Feb-2023 13:34:20.124 INFOS [main] org.apache.openejb.server.SimpleServiceManager.start Ready!
25-Feb-2023 13:34:20.124 INFOS [main] java.lang.reflect.Method.invoke L'initialisation du serveur a pris [1471] millisecondes
25-Feb-2023 13:34:20.174 INFOS [main] org.apache.tomee.catalina.OpenEJBNamingContextListener.bindResource Importing a Tomcat Resource with id 'UserDatabase' of type 'org.apache.catalina.UserDatabase'.
25-Feb-2023 13:34:20.175 INFOS [main] org.apache.openejb.assembler.classic.Assembler.createRecipe Creating Resource(id=UserDatabase)
25-Feb-2023 13:34:20.191 INFOS [main] java.lang.reflect.Method.invoke Démarrage du service [Catalina]
25-Feb-2023 13:34:20.191 INFOS [main] java.lang.reflect.Method.invoke Démarrage du moteur de Servlets : [Apache Tomcat (TomEE)/10.0.27 (9.0.0)]
25-Feb-2023 13:34:20.205 INFOS [main] java.lang.reflect.Method.invoke Déploiement de l'archive [/Users/thekingzeineddine/eclipse-workspace/familio/target/apache-tomee/webapps/ili.war] de l'application web
25-Feb-2023 13:34:20.212 INFOS [main] org.apache.tomee.catalina.TomcatWebAppBuilder.init ------------------------- localhost -> /ili
25-Feb-2023 13:34:20.214 INFOS [main] org.apache.openejb.util.JarExtractor.extract Extracting jar: /Users/thekingzeineddine/eclipse-workspace/familio/target/apache-tomee/webapps/ili.war
25-Feb-2023 13:34:20.446 INFOS [main] org.apache.openejb.util.JarExtractor.extract Extracted path: /Users/thekingzeineddine/eclipse-workspace/familio/target/apache-tomee/webapps/ili
25-Feb-2023 13:34:20.447 INFOS [main] org.apache.openejb.util.OptionsLog.info Using 'openejb.session.manager=org.apache.tomee.catalina.session.QuickSessionManager'
25-Feb-2023 13:34:21.524 INFOS [main] org.apache.openejb.config.ConfigurationFactory.configureApplication Configuring enterprise application: /Users/thekingzeineddine/eclipse-workspace/familio/target/apache-tomee/webapps/ili
25-Feb-2023 13:34:21.673 INFOS [main] org.apache.openejb.config.InitEjbDeployments.deploy Auto-deploying ejb AccountController: EjbDeployment(deployment-id=AccountController)
25-Feb-2023 13:34:21.674 INFOS [main] org.apache.openejb.config.InitEjbDeployments.deploy Auto-deploying ejb InfoController: EjbDeployment(deployment-id=InfoController)
25-Feb-2023 13:34:21.674 INFOS [main] org.apache.openejb.config.InitEjbDeployments.deploy Auto-deploying ejb AccountService: EjbDeployment(deployment-id=AccountService)
25-Feb-2023 13:34:21.674 INFOS [main] org.apache.openejb.config.InitEjbDeployments.deploy Auto-deploying ejb ProfileController: EjbDeployment(deployment-id=ProfileController)
25-Feb-2023 13:34:21.674 INFOS [main] org.apache.openejb.config.InitEjbDeployments.deploy Auto-deploying ejb PhotoController: EjbDeployment(deployment-id=PhotoController)
25-Feb-2023 13:34:21.674 INFOS [main] org.apache.openejb.config.InitEjbDeployments.deploy Auto-deploying ejb PublicationService: EjbDeployment(deployment-id=PublicationService)
25-Feb-2023 13:34:21.674 INFOS [main] org.apache.openejb.config.InitEjbDeployments.deploy Auto-deploying ejb ProfileService: EjbDeployment(deployment-id=ProfileService)
25-Feb-2023 13:34:21.674 INFOS [main] org.apache.openejb.config.InitEjbDeployments.deploy Auto-deploying ejb PublicationController: EjbDeployment(deployment-id=PublicationController)
25-Feb-2023 13:34:21.677 INFOS [main] org.apache.openejb.config.ConfigurationFactory.configureService Configuring Service(id=ili/projet, type=Resource, provider-id=Default JDBC Database)
25-Feb-2023 13:34:21.678 INFOS [main] org.apache.openejb.assembler.classic.Assembler.createRecipe Creating Resource(id=ili/projet)
25-Feb-2023 13:34:22.336 INFOS [main] org.apache.openejb.config.ConfigurationFactory.configureService Configuring Service(id=Default Stateless Container, type=Container, provider-id=Default Stateless Container)
25-Feb-2023 13:34:22.337 INFOS [main] org.apache.openejb.config.AutoConfig.createContainer Auto-creating a container for bean AccountController: Container(type=STATELESS, id=Default Stateless Container)
25-Feb-2023 13:34:22.337 INFOS [main] org.apache.openejb.assembler.classic.Assembler.createRecipe Creating Container(id=Default Stateless Container)
25-Feb-2023 13:34:22.348 INFOS [main] org.apache.openejb.config.AutoConfig.processResourceRef Auto-linking resource-ref 'openejb/Resource/ili/projet' in bean AccountController to Resource(id=ili/projet)
25-Feb-2023 13:34:22.349 INFOS [main] org.apache.openejb.config.AutoConfig.processResourceRef Auto-linking resource-ref 'openejb/Resource/projet' in bean AccountController to Resource(id=ili/projet)
25-Feb-2023 13:34:22.349 INFOS [main] org.apache.openejb.config.AutoConfig.processResourceRef Auto-linking resource-ref 'openejb/Resource/ili/projet' in bean InfoController to Resource(id=ili/projet)
25-Feb-2023 13:34:22.349 INFOS [main] org.apache.openejb.config.AutoConfig.processResourceRef Auto-linking resource-ref 'openejb/Resource/projet' in bean InfoController to Resource(id=ili/projet)
25-Feb-2023 13:34:22.350 INFOS [main] org.apache.openejb.config.AutoConfig.processResourceRef Auto-linking resource-ref 'openejb/Resource/ili/projet' in bean AccountService to Resource(id=ili/projet)
25-Feb-2023 13:34:22.350 INFOS [main] org.apache.openejb.config.AutoConfig.processResourceRef Auto-linking resource-ref 'openejb/Resource/projet' in bean AccountService to Resource(id=ili/projet)
25-Feb-2023 13:34:22.350 INFOS [main] org.apache.openejb.config.AutoConfig.processResourceRef Auto-linking resource-ref 'openejb/Resource/ili/projet' in bean ProfileController to Resource(id=ili/projet)
25-Feb-2023 13:34:22.350 INFOS [main] org.apache.openejb.config.AutoConfig.processResourceRef Auto-linking resource-ref 'openejb/Resource/projet' in bean ProfileController to Resource(id=ili/projet)
25-Feb-2023 13:34:22.351 INFOS [main] org.apache.openejb.config.AutoConfig.processResourceRef Auto-linking resource-ref 'openejb/Resource/ili/projet' in bean PhotoController to Resource(id=ili/projet)
25-Feb-2023 13:34:22.351 INFOS [main] org.apache.openejb.config.AutoConfig.processResourceRef Auto-linking resource-ref 'openejb/Resource/projet' in bean PhotoController to Resource(id=ili/projet)
25-Feb-2023 13:34:22.351 INFOS [main] org.apache.openejb.config.AutoConfig.processResourceRef Auto-linking resource-ref 'openejb/Resource/ili/projet' in bean PublicationService to Resource(id=ili/projet)
25-Feb-2023 13:34:22.351 INFOS [main] org.apache.openejb.config.AutoConfig.processResourceRef Auto-linking resource-ref 'openejb/Resource/projet' in bean PublicationService to Resource(id=ili/projet)
25-Feb-2023 13:34:22.352 INFOS [main] org.apache.openejb.config.AutoConfig.processResourceRef Auto-linking resource-ref 'openejb/Resource/ili/projet' in bean ProfileService to Resource(id=ili/projet)
25-Feb-2023 13:34:22.352 INFOS [main] org.apache.openejb.config.AutoConfig.processResourceRef Auto-linking resource-ref 'openejb/Resource/projet' in bean ProfileService to Resource(id=ili/projet)
25-Feb-2023 13:34:22.352 INFOS [main] org.apache.openejb.config.AutoConfig.processResourceRef Auto-linking resource-ref 'openejb/Resource/ili/projet' in bean PublicationController to Resource(id=ili/projet)
25-Feb-2023 13:34:22.352 INFOS [main] org.apache.openejb.config.AutoConfig.processResourceRef Auto-linking resource-ref 'openejb/Resource/projet' in bean PublicationController to Resource(id=ili/projet)
25-Feb-2023 13:34:22.353 INFOS [main] org.apache.openejb.config.ConfigurationFactory.configureService Configuring Service(id=Default Managed Container, type=Container, provider-id=Default Managed Container)
25-Feb-2023 13:34:22.353 INFOS [main] org.apache.openejb.config.AutoConfig.createContainer Auto-creating a container for bean ili.Comp608670733: Container(type=MANAGED, id=Default Managed Container)
25-Feb-2023 13:34:22.353 INFOS [main] org.apache.openejb.assembler.classic.Assembler.createRecipe Creating Container(id=Default Managed Container)
25-Feb-2023 13:34:22.359 INFOS [main] org.apache.openejb.core.managed.SimplePassivater.init Using directory /Users/thekingzeineddine/eclipse-workspace/familio/target/apache-tomee/temp for stateful session passivation
25-Feb-2023 13:34:22.365 INFOS [main] org.apache.openejb.config.AutoConfig.processResourceRef Auto-linking resource-ref 'openejb/Resource/ili/projet' in bean ili.Comp608670733 to Resource(id=ili/projet)
25-Feb-2023 13:34:22.365 INFOS [main] org.apache.openejb.config.AutoConfig.processResourceRef Auto-linking resource-ref 'openejb/Resource/projet' in bean ili.Comp608670733 to Resource(id=ili/projet)
25-Feb-2023 13:34:22.366 INFOS [main] org.apache.openejb.config.AutoConfig.deploy Configuring PersistenceUnit(name=projet, provider=org.hibernate.jpa.HibernatePersistenceProvider)
25-Feb-2023 13:34:22.367 INFOS [main] org.apache.openejb.config.AutoConfig.logAutoCreateResource Auto-creating a Resource with id 'ili/projetNonJta' of type 'DataSource' for 'projet'.
25-Feb-2023 13:34:22.367 INFOS [main] org.apache.openejb.config.AutoConfig.deploy Configuring Service(id=ili/projetNonJta, type=Resource, provider-id=ili/projet)
25-Feb-2023 13:34:22.367 INFOS [main] org.apache.openejb.assembler.classic.Assembler.createRecipe Creating Resource(id=ili/projetNonJta)
25-Feb-2023 13:34:22.721 INFOS [main] org.apache.openejb.config.AutoConfig.setJtaDataSource Adjusting PersistenceUnit projet <jta-data-source> to Resource ID 'projet' from 'jdbc/projet'
25-Feb-2023 13:34:22.722 INFOS [main] org.apache.openejb.config.AutoConfig.setNonJtaDataSource Adjusting PersistenceUnit projet <non-jta-data-source> to Resource ID 'ili/projetNonJta' from 'null'
25-Feb-2023 13:34:22.749 INFOS [main] org.apache.openejb.config.AppInfoBuilder.build Enterprise application "/Users/thekingzeineddine/eclipse-workspace/familio/target/apache-tomee/webapps/ili" loaded.
25-Feb-2023 13:34:22.753 INFOS [main] org.apache.openejb.assembler.classic.Assembler.createApplication Assembling app: /Users/thekingzeineddine/eclipse-workspace/familio/target/apache-tomee/webapps/ili
25-Feb-2023 13:34:22.831 INFOS [main] org.apache.openejb.assembler.classic.JndiBuilder.bind Jndi(name=AccountControllerLocalBean) --> Ejb(deployment-id=AccountController)
25-Feb-2023 13:34:22.832 INFOS [main] org.apache.openejb.assembler.classic.JndiBuilder.bind Jndi(name=global/ili/AccountController!jee.controller.AccountController) --> Ejb(deployment-id=AccountController)
25-Feb-2023 13:34:22.832 INFOS [main] org.apache.openejb.assembler.classic.JndiBuilder.bind Jndi(name=global/ili/AccountController) --> Ejb(deployment-id=AccountController)
25-Feb-2023 13:34:22.833 INFOS [main] org.apache.openejb.assembler.classic.JndiBuilder.bind Jndi(name=InfoControllerLocalBean) --> Ejb(deployment-id=InfoController)
25-Feb-2023 13:34:22.833 INFOS [main] org.apache.openejb.assembler.classic.JndiBuilder.bind Jndi(name=global/ili/InfoController!jee.controller.InfoController) --> Ejb(deployment-id=InfoController)
25-Feb-2023 13:34:22.834 INFOS [main] org.apache.openejb.assembler.classic.JndiBuilder.bind Jndi(name=global/ili/InfoController) --> Ejb(deployment-id=InfoController)
25-Feb-2023 13:34:22.834 INFOS [main] org.apache.openejb.assembler.classic.JndiBuilder.bind Jndi(name=AccountServiceLocalBean) --> Ejb(deployment-id=AccountService)
25-Feb-2023 13:34:22.834 INFOS [main] org.apache.openejb.assembler.classic.JndiBuilder.bind Jndi(name=global/ili/AccountService!jee.service.AccountService) --> Ejb(deployment-id=AccountService)
25-Feb-2023 13:34:22.834 INFOS [main] org.apache.openejb.assembler.classic.JndiBuilder.bind Jndi(name=global/ili/AccountService) --> Ejb(deployment-id=AccountService)
25-Feb-2023 13:34:22.835 INFOS [main] org.apache.openejb.assembler.classic.JndiBuilder.bind Jndi(name=ProfileControllerLocalBean) --> Ejb(deployment-id=ProfileController)
25-Feb-2023 13:34:22.835 INFOS [main] org.apache.openejb.assembler.classic.JndiBuilder.bind Jndi(name=global/ili/ProfileController!jee.controller.ProfileController) --> Ejb(deployment-id=ProfileController)
25-Feb-2023 13:34:22.836 INFOS [main] org.apache.openejb.assembler.classic.JndiBuilder.bind Jndi(name=global/ili/ProfileController) --> Ejb(deployment-id=ProfileController)
25-Feb-2023 13:34:22.836 INFOS [main] org.apache.openejb.assembler.classic.JndiBuilder.bind Jndi(name=PhotoControllerLocalBean) --> Ejb(deployment-id=PhotoController)
25-Feb-2023 13:34:22.837 INFOS [main] org.apache.openejb.assembler.classic.JndiBuilder.bind Jndi(name=global/ili/PhotoController!jee.controller.PhotoController) --> Ejb(deployment-id=PhotoController)
25-Feb-2023 13:34:22.837 INFOS [main] org.apache.openejb.assembler.classic.JndiBuilder.bind Jndi(name=global/ili/PhotoController) --> Ejb(deployment-id=PhotoController)
25-Feb-2023 13:34:22.837 INFOS [main] org.apache.openejb.assembler.classic.JndiBuilder.bind Jndi(name=PublicationServiceLocalBean) --> Ejb(deployment-id=PublicationService)
25-Feb-2023 13:34:22.837 INFOS [main] org.apache.openejb.assembler.classic.JndiBuilder.bind Jndi(name=global/ili/PublicationService!jee.service.PublicationService) --> Ejb(deployment-id=PublicationService)
25-Feb-2023 13:34:22.838 INFOS [main] org.apache.openejb.assembler.classic.JndiBuilder.bind Jndi(name=global/ili/PublicationService) --> Ejb(deployment-id=PublicationService)
25-Feb-2023 13:34:22.838 INFOS [main] org.apache.openejb.assembler.classic.JndiBuilder.bind Jndi(name=ProfileServiceLocalBean) --> Ejb(deployment-id=ProfileService)
25-Feb-2023 13:34:22.838 INFOS [main] org.apache.openejb.assembler.classic.JndiBuilder.bind Jndi(name=global/ili/ProfileService!jee.service.ProfileService) --> Ejb(deployment-id=ProfileService)
25-Feb-2023 13:34:22.839 INFOS [main] org.apache.openejb.assembler.classic.JndiBuilder.bind Jndi(name=global/ili/ProfileService) --> Ejb(deployment-id=ProfileService)
25-Feb-2023 13:34:22.839 INFOS [main] org.apache.openejb.assembler.classic.JndiBuilder.bind Jndi(name=PublicationControllerLocalBean) --> Ejb(deployment-id=PublicationController)
25-Feb-2023 13:34:22.839 INFOS [main] org.apache.openejb.assembler.classic.JndiBuilder.bind Jndi(name=global/ili/PublicationController!jee.controller.PublicationController) --> Ejb(deployment-id=PublicationController)
25-Feb-2023 13:34:22.840 INFOS [main] org.apache.openejb.assembler.classic.JndiBuilder.bind Jndi(name=global/ili/PublicationController) --> Ejb(deployment-id=PublicationController)
25-Feb-2023 13:34:22.887 INFOS [main] org.apache.openejb.cdi.CdiBuilder.initSingleton Existing thread singleton service in SystemInstance(): org.apache.openejb.cdi.ThreadSingletonServiceImpl@21337f7b
25-Feb-2023 13:34:22.987 INFOS [main] org.apache.openejb.cdi.OpenEJBLifecycle.startApplication OpenWebBeans Container is starting...
25-Feb-2023 13:34:22.992 INFOS [main] org.apache.webbeans.plugins.PluginLoader.startUp Adding OpenWebBeansPlugin : [CdiPlugin]
25-Feb-2023 13:34:23.550 INFOS [main] org.apache.webbeans.config.BeansDeployer.validateInjectionPoints All injection points were validated successfully.
25-Feb-2023 13:34:23.662 INFOS [main] org.apache.openejb.cdi.OpenEJBLifecycle.startApplication OpenWebBeans Container has started, it took 675 ms.
25-Feb-2023 13:34:23.665 INFOS [main] org.apache.openejb.assembler.classic.ValidatorBuilder.getConfig Ignoring XML Configuration for validator org.apache.bval.jsr.ConfigurationImpl
25-Feb-2023 13:34:23.686 INFOS [main] org.apache.openejb.assembler.classic.Assembler.startEjbs Created Ejb(deployment-id=ProfileController, ejb-name=ProfileController, container=Default Stateless Container)
25-Feb-2023 13:34:23.687 INFOS [main] org.apache.openejb.assembler.classic.Assembler.startEjbs Created Ejb(deployment-id=PublicationController, ejb-name=PublicationController, container=Default Stateless Container)
25-Feb-2023 13:34:23.687 INFOS [main] org.apache.openejb.assembler.classic.Assembler.startEjbs Created Ejb(deployment-id=ProfileService, ejb-name=ProfileService, container=Default Stateless Container)
25-Feb-2023 13:34:23.687 INFOS [main] org.apache.openejb.assembler.classic.Assembler.startEjbs Created Ejb(deployment-id=PublicationService, ejb-name=PublicationService, container=Default Stateless Container)
25-Feb-2023 13:34:23.688 INFOS [main] org.apache.openejb.assembler.classic.Assembler.startEjbs Created Ejb(deployment-id=InfoController, ejb-name=InfoController, container=Default Stateless Container)
25-Feb-2023 13:34:23.691 INFOS [main] org.apache.openejb.assembler.classic.Assembler.startEjbs Created Ejb(deployment-id=AccountService, ejb-name=AccountService, container=Default Stateless Container)
25-Feb-2023 13:34:23.691 INFOS [main] org.apache.openejb.assembler.classic.Assembler.startEjbs Created Ejb(deployment-id=PhotoController, ejb-name=PhotoController, container=Default Stateless Container)
25-Feb-2023 13:34:23.691 INFOS [main] org.apache.openejb.assembler.classic.Assembler.startEjbs Created Ejb(deployment-id=AccountController, ejb-name=AccountController, container=Default Stateless Container)
25-Feb-2023 13:34:23.709 INFOS [main] org.apache.openejb.assembler.classic.Assembler.startEjbs Started Ejb(deployment-id=ProfileController, ejb-name=ProfileController, container=Default Stateless Container)
25-Feb-2023 13:34:23.713 INFOS [main] org.apache.openejb.assembler.classic.Assembler.startEjbs Started Ejb(deployment-id=PublicationController, ejb-name=PublicationController, container=Default Stateless Container)
25-Feb-2023 13:34:23.717 INFOS [main] org.apache.openejb.assembler.classic.Assembler.startEjbs Started Ejb(deployment-id=ProfileService, ejb-name=ProfileService, container=Default Stateless Container)
25-Feb-2023 13:34:23.720 INFOS [main] org.apache.openejb.assembler.classic.Assembler.startEjbs Started Ejb(deployment-id=PublicationService, ejb-name=PublicationService, container=Default Stateless Container)
25-Feb-2023 13:34:23.724 INFOS [main] org.apache.openejb.assembler.classic.Assembler.startEjbs Started Ejb(deployment-id=InfoController, ejb-name=InfoController, container=Default Stateless Container)
25-Feb-2023 13:34:23.728 INFOS [main] org.apache.openejb.assembler.classic.Assembler.startEjbs Started Ejb(deployment-id=AccountService, ejb-name=AccountService, container=Default Stateless Container)
25-Feb-2023 13:34:23.732 INFOS [main] org.apache.openejb.assembler.classic.Assembler.startEjbs Started Ejb(deployment-id=PhotoController, ejb-name=PhotoController, container=Default Stateless Container)
25-Feb-2023 13:34:23.734 INFOS [main] org.apache.openejb.assembler.classic.Assembler.startEjbs Started Ejb(deployment-id=AccountController, ejb-name=AccountController, container=Default Stateless Container)
25-Feb-2023 13:34:23.740 AVERTISSEMENT [main] org.apache.batchee.container.services.ServicesManager.init You didn't specify org.apache.batchee.jmx.application and JMX is already registered, skipping
25-Feb-2023 13:34:23.741 INFOS [main] org.apache.openejb.assembler.classic.Assembler.createApplication Deployed Application(path=/Users/thekingzeineddine/eclipse-workspace/familio/target/apache-tomee/webapps/ili)
25-Feb-2023 13:34:23.946 INFOS [main] org.apache.myfaces.ee.MyFacesContainerInitializer.onStartup Using org.apache.myfaces.ee.MyFacesContainerInitializer
25-Feb-2023 13:34:23.977 INFOS [main] org.apache.myfaces.ee.MyFacesContainerInitializer.onStartup Added FacesServlet with mappings=[/faces/*, *.jsf, *.faces, *.xhtml]
25-Feb-2023 13:34:24.010 INFOS [main] org.apache.tomee.microprofile.openapi.MicroProfileOpenApiRegistration.onStartup Registering OpenAPI servlet on /openapi for application /ili
25-Feb-2023 13:34:24.067 INFOS [main] org.apache.jasper.servlet.TldScanner.scanJars Au moins un fichier JAR a été analysé pour trouver des TLDs mais il n'en contenait pas, le mode "debug" du journal peut être activé pour obtenir une liste complète de JAR scannés sans succès ; éviter d'analyser des JARs inutilement peut améliorer sensiblement le temps de démarrage et le temps de compilation des JSPs
25-Feb-2023 13:34:24.079 INFOS [main] org.apache.tomee.myfaces.TomEEMyFacesContainerInitializer.addListener Installing <listener>org.apache.myfaces.webapp.StartupServletContextListener</listener>
25-Feb-2023 13:34:24.147 INFOS [main] org.apache.myfaces.config.DefaultFacesConfigurationProvider.getStandardFacesConfig Reading standard config META-INF/standard-faces-config.xml
25-Feb-2023 13:34:24.447 INFOS [main] org.apache.myfaces.config.DefaultFacesConfigurationProvider.getClassloaderFacesConfig Reading config : jar:file:/Users/thekingzeineddine/eclipse-workspace/familio/target/apache-tomee/lib/openwebbeans-jsf-2.0.27-jakarta.jar!/META-INF/faces-config.xml
25-Feb-2023 13:34:24.453 INFOS [main] org.apache.myfaces.config.DefaultFacesConfigurationProvider.getClassloaderFacesConfig Reading config : jar:file:/Users/thekingzeineddine/eclipse-workspace/familio/target/apache-tomee/lib/openwebbeans-el22-2.0.27-jakarta.jar!/META-INF/faces-config.xml
25-Feb-2023 13:34:24.628 INFOS [main] org.apache.myfaces.config.LogMetaInfUtils.logArtifact Artifact 'myfaces-api' was found in version '3.0.2' from path 'file:/Users/thekingzeineddine/eclipse-workspace/familio/target/apache-tomee/lib/myfaces-api-3.0.2.jar'
25-Feb-2023 13:34:24.628 INFOS [main] org.apache.myfaces.config.LogMetaInfUtils.logArtifact Artifact 'myfaces-impl' was found in version '3.0.2' from path 'file:/Users/thekingzeineddine/eclipse-workspace/familio/target/apache-tomee/lib/myfaces-impl-3.0.2.jar'
25-Feb-2023 13:34:24.643 INFOS [main] org.apache.myfaces.util.ExternalSpecifications.lambda$static$1 MyFaces Core CDI support enabled
25-Feb-2023 13:34:24.644 INFOS [main] org.apache.myfaces.spi.impl.DefaultInjectionProviderFactory.getInjectionProvider Using InjectionProvider org.apache.myfaces.spi.impl.CDIAnnotationDelegateInjectionProvider
25-Feb-2023 13:34:24.704 INFOS [main] org.apache.myfaces.util.ExternalSpecifications.lambda$static$0 MyFaces Core Bean Validation support enabled
25-Feb-2023 13:34:24.757 INFOS [main] org.apache.myfaces.application.ApplicationImpl.getProjectStage Couldn't discover the current project stage, using Production
25-Feb-2023 13:34:24.757 INFOS [main] org.apache.myfaces.config.FacesConfigurator.handleSerialFactory Serialization provider : class org.apache.myfaces.shared_impl.util.serial.DefaultSerialFactory
25-Feb-2023 13:34:24.763 INFOS [main] org.apache.myfaces.config.annotation.DefaultLifecycleProviderFactory.getLifecycleProvider Using LifecycleProvider org.apache.myfaces.config.annotation.Tomcat7AnnotationLifecycleProvider
25-Feb-2023 13:34:24.786 INFOS [main] org.apache.myfaces.webapp.AbstractFacesInitializer.initFaces ServletContext initialized.
25-Feb-2023 13:34:24.790 INFOS [main] org.apache.myfaces.view.facelets.ViewPoolProcessor.initialize org.apache.myfaces.CACHE_EL_EXPRESSIONS web config parameter is set to "noCache". To enable view pooling this param must be set to "alwaysRecompile". View Pooling disabled.
25-Feb-2023 13:34:24.807 INFOS [main] org.apache.myfaces.webapp.StartupServletContextListener.contextInitialized MyFaces Core has started, it took [724] ms.
25-Feb-2023 13:34:24.844 INFOS [main] jee.filter.SimpleCORSFilter.init Cors filter enabled
25-Feb-2023 13:34:26.659 INFOS [main] org.apache.openejb.server.cxf.rs.CxfRsHttpListener.logApplication Application{path='http://localhost:8080/ili/', class=org.apache.openejb.server.rest.InternalApplication, resources=5, providers=0, invalids=0}
25-Feb-2023 13:34:26.662 INFOS [main] org.apache.openejb.server.cxf.rs.CxfRsHttpListener.logApplication Resource{clazz=jee.controller.PublicationController, discovered=false, singleton=false}
25-Feb-2023 13:34:26.662 INFOS [main] org.apache.openejb.server.cxf.rs.CxfRsHttpListener.logApplication Resource{clazz=jee.controller.InfoController, discovered=false, singleton=false}
25-Feb-2023 13:34:26.662 INFOS [main] org.apache.openejb.server.cxf.rs.CxfRsHttpListener.logApplication Resource{clazz=jee.controller.PhotoController, discovered=false, singleton=false}
25-Feb-2023 13:34:26.663 INFOS [main] org.apache.openejb.server.cxf.rs.CxfRsHttpListener.logApplication Resource{clazz=jee.controller.AccountController, discovered=false, singleton=false}
25-Feb-2023 13:34:26.663 INFOS [main] org.apache.openejb.server.cxf.rs.CxfRsHttpListener.logApplication Resource{clazz=jee.controller.ProfileController, discovered=false, singleton=false}
25-Feb-2023 13:34:26.924 INFOS [main] org.apache.openejb.server.cxf.rs.CxfRsHttpListener.deployApplication Using readers:
25-Feb-2023 13:34:26.924 INFOS [main] org.apache.openejb.server.cxf.rs.CxfRsHttpListener.deployApplication      org.apache.cxf.jaxrs.provider.PrimitiveTextProvider@77928ca9
25-Feb-2023 13:34:26.924 INFOS [main] org.apache.openejb.server.cxf.rs.CxfRsHttpListener.deployApplication      org.apache.cxf.jaxrs.provider.FormEncodingProvider@db43949
25-Feb-2023 13:34:26.924 INFOS [main] org.apache.openejb.server.cxf.rs.CxfRsHttpListener.deployApplication      org.apache.cxf.jaxrs.provider.MultipartProvider@7f5bf3b7
25-Feb-2023 13:34:26.924 INFOS [main] org.apache.openejb.server.cxf.rs.CxfRsHttpListener.deployApplication      org.apache.cxf.jaxrs.provider.SourceProvider@75d12c54
25-Feb-2023 13:34:26.924 INFOS [main] org.apache.openejb.server.cxf.rs.CxfRsHttpListener.deployApplication      org.apache.cxf.jaxrs.provider.JAXBElementTypedProvider@4b3da9f3
25-Feb-2023 13:34:26.924 INFOS [main] org.apache.openejb.server.cxf.rs.CxfRsHttpListener.deployApplication      org.apache.cxf.jaxrs.provider.JAXBElementProvider@67efbfac
25-Feb-2023 13:34:26.924 INFOS [main] org.apache.openejb.server.cxf.rs.CxfRsHttpListener.deployApplication      org.apache.openejb.server.cxf.rs.johnzon.TomEEJsonpProvider@1832e266
25-Feb-2023 13:34:26.925 INFOS [main] org.apache.openejb.server.cxf.rs.CxfRsHttpListener.deployApplication      org.apache.openejb.server.cxf.rs.johnzon.TomEEJsonbProvider@47093ead
25-Feb-2023 13:34:26.925 INFOS [main] org.apache.openejb.server.cxf.rs.CxfRsHttpListener.deployApplication      org.apache.cxf.jaxrs.provider.StringTextProvider@3e6c8548
25-Feb-2023 13:34:26.925 INFOS [main] org.apache.openejb.server.cxf.rs.CxfRsHttpListener.deployApplication      org.apache.cxf.jaxrs.provider.BinaryDataProvider@20eafdc2
25-Feb-2023 13:34:26.925 INFOS [main] org.apache.openejb.server.cxf.rs.CxfRsHttpListener.deployApplication      org.apache.cxf.jaxrs.provider.DataSourceProvider@43fedab2
25-Feb-2023 13:34:26.925 INFOS [main] org.apache.openejb.server.cxf.rs.CxfRsHttpListener.deployApplication Using writers:
25-Feb-2023 13:34:26.925 INFOS [main] org.apache.openejb.server.cxf.rs.CxfRsHttpListener.deployApplication      org.apache.cxf.jaxrs.provider.JAXBElementTypedProvider@4b3da9f3
25-Feb-2023 13:34:26.925 INFOS [main] org.apache.openejb.server.cxf.rs.CxfRsHttpListener.deployApplication      org.apache.openejb.server.cxf.rs.johnzon.TomEEJsonpProvider@1832e266
25-Feb-2023 13:34:26.925 INFOS [main] org.apache.openejb.server.cxf.rs.CxfRsHttpListener.deployApplication      org.apache.johnzon.jaxrs.WadlDocumentMessageBodyWriter@4cd02179
25-Feb-2023 13:34:26.925 INFOS [main] org.apache.openejb.server.cxf.rs.CxfRsHttpListener.deployApplication      org.apache.cxf.jaxrs.nio.NioMessageBodyWriter@16ccab6e
25-Feb-2023 13:34:26.926 INFOS [main] org.apache.openejb.server.cxf.rs.CxfRsHttpListener.deployApplication      org.apache.cxf.jaxrs.provider.StringTextProvider@3e6c8548
25-Feb-2023 13:34:26.926 INFOS [main] org.apache.openejb.server.cxf.rs.CxfRsHttpListener.deployApplication      org.apache.cxf.jaxrs.provider.PrimitiveTextProvider@77928ca9
25-Feb-2023 13:34:26.926 INFOS [main] org.apache.openejb.server.cxf.rs.CxfRsHttpListener.deployApplication      org.apache.cxf.jaxrs.provider.FormEncodingProvider@db43949
25-Feb-2023 13:34:26.926 INFOS [main] org.apache.openejb.server.cxf.rs.CxfRsHttpListener.deployApplication      org.apache.cxf.jaxrs.provider.MultipartProvider@7f5bf3b7
25-Feb-2023 13:34:26.926 INFOS [main] org.apache.openejb.server.cxf.rs.CxfRsHttpListener.deployApplication      org.apache.cxf.jaxrs.provider.JAXBElementProvider@67efbfac
25-Feb-2023 13:34:26.926 INFOS [main] org.apache.openejb.server.cxf.rs.CxfRsHttpListener.deployApplication      org.apache.cxf.jaxrs.provider.SourceProvider@75d12c54
25-Feb-2023 13:34:26.926 INFOS [main] org.apache.openejb.server.cxf.rs.CxfRsHttpListener.deployApplication      org.apache.openejb.server.cxf.rs.johnzon.TomEEJsonbProvider@47093ead
25-Feb-2023 13:34:26.926 INFOS [main] org.apache.openejb.server.cxf.rs.CxfRsHttpListener.deployApplication      org.apache.cxf.jaxrs.provider.BinaryDataProvider@20eafdc2
25-Feb-2023 13:34:26.926 INFOS [main] org.apache.openejb.server.cxf.rs.CxfRsHttpListener.deployApplication      org.apache.cxf.jaxrs.provider.DataSourceProvider@43fedab2
25-Feb-2023 13:34:26.926 INFOS [main] org.apache.openejb.server.cxf.rs.CxfRsHttpListener.deployApplication Using exception mappers:
25-Feb-2023 13:34:26.927 INFOS [main] org.apache.openejb.server.cxf.rs.CxfRsHttpListener.deployApplication      org.apache.cxf.jaxrs.impl.WebApplicationExceptionMapper@446dd5c4
25-Feb-2023 13:34:26.927 INFOS [main] org.apache.openejb.server.cxf.rs.CxfRsHttpListener.deployApplication      org.apache.openejb.server.cxf.rs.EJBExceptionMapper@4e558085
25-Feb-2023 13:34:26.927 INFOS [main] org.apache.openejb.server.cxf.rs.CxfRsHttpListener.deployApplication      org.apache.cxf.jaxrs.validation.ValidationExceptionMapper@52dc31e2
25-Feb-2023 13:34:26.927 INFOS [main] org.apache.openejb.server.cxf.rs.CxfRsHttpListener.deployApplication      org.apache.tomee.microprofile.opentracing.MicroProfileOpenTracingExceptionMapper@3da4ddb6
25-Feb-2023 13:34:26.929 INFOS [main] org.apache.openejb.server.cxf.rs.CxfRsHttpListener.logEndpoints REST Application: http://localhost:8080/ili/                  -> org.apache.openejb.server.rest.InternalApplication@1973fd98
25-Feb-2023 13:34:26.932 INFOS [main] org.apache.openejb.server.cxf.rs.CxfRsHttpListener.logEndpoints      Service URI: http://localhost:8080/ili/accounts          ->  EJB jee.controller.AccountController    
25-Feb-2023 13:34:26.932 INFOS [main] org.apache.openejb.server.cxf.rs.CxfRsHttpListener.logEndpoints            DELETE http://localhost:8080/ili/accounts/{id}     ->      Response deleteAccount(Long)         
25-Feb-2023 13:34:26.932 INFOS [main] org.apache.openejb.server.cxf.rs.CxfRsHttpListener.logEndpoints               GET http://localhost:8080/ili/accounts          ->      Response getAllAccount()             
25-Feb-2023 13:34:26.932 INFOS [main] org.apache.openejb.server.cxf.rs.CxfRsHttpListener.logEndpoints               GET http://localhost:8080/ili/accounts/{id}     ->      Response findAccount(Long)           
25-Feb-2023 13:34:26.933 INFOS [main] org.apache.openejb.server.cxf.rs.CxfRsHttpListener.logEndpoints              POST http://localhost:8080/ili/accounts          ->      Response createAccount(Account)      
25-Feb-2023 13:34:26.933 INFOS [main] org.apache.openejb.server.cxf.rs.CxfRsHttpListener.logEndpoints               PUT http://localhost:8080/ili/accounts/{id}     ->      Response updateAccount(Long, Account)
25-Feb-2023 13:34:26.933 INFOS [main] org.apache.openejb.server.cxf.rs.CxfRsHttpListener.logEndpoints      Service URI: http://localhost:8080/ili/info              ->  EJB jee.controller.InfoController       
25-Feb-2023 13:34:26.933 INFOS [main] org.apache.openejb.server.cxf.rs.CxfRsHttpListener.logEndpoints               GET http://localhost:8080/ili/info/ip           ->      Response getIp(HttpServletRequest)
25-Feb-2023 13:34:26.934 INFOS [main] org.apache.openejb.server.cxf.rs.CxfRsHttpListener.logEndpoints      Service URI: http://localhost:8080/ili/photos            ->  EJB jee.controller.PhotoController      
25-Feb-2023 13:34:26.934 INFOS [main] org.apache.openejb.server.cxf.rs.CxfRsHttpListener.logEndpoints               GET http://localhost:8080/ili/photos            ->      Response getAllAccount()     
25-Feb-2023 13:34:26.934 INFOS [main] org.apache.openejb.server.cxf.rs.CxfRsHttpListener.logEndpoints              POST http://localhost:8080/ili/photos            ->      Response createAccount(Photo)
25-Feb-2023 13:34:26.934 INFOS [main] org.apache.openejb.server.cxf.rs.CxfRsHttpListener.logEndpoints      Service URI: http://localhost:8080/ili/profiles          ->  EJB jee.controller.ProfileController    
25-Feb-2023 13:34:26.934 INFOS [main] org.apache.openejb.server.cxf.rs.CxfRsHttpListener.logEndpoints            DELETE http://localhost:8080/ili/profiles/{id}     ->      Response deleteProfile(Long)         
25-Feb-2023 13:34:26.934 INFOS [main] org.apache.openejb.server.cxf.rs.CxfRsHttpListener.logEndpoints               GET http://localhost:8080/ili/profiles          ->      Response getAllProfile()             
25-Feb-2023 13:34:26.934 INFOS [main] org.apache.openejb.server.cxf.rs.CxfRsHttpListener.logEndpoints               GET http://localhost:8080/ili/profiles/{id}     ->      Response findProfile(Long)           
25-Feb-2023 13:34:26.935 INFOS [main] org.apache.openejb.server.cxf.rs.CxfRsHttpListener.logEndpoints              POST http://localhost:8080/ili/profiles          ->      Response createProfile(Profile)      
25-Feb-2023 13:34:26.935 INFOS [main] org.apache.openejb.server.cxf.rs.CxfRsHttpListener.logEndpoints               PUT http://localhost:8080/ili/profiles/{id}     ->      Response updateProfile(Long, Profile)
25-Feb-2023 13:34:26.935 INFOS [main] org.apache.openejb.server.cxf.rs.CxfRsHttpListener.logEndpoints      Service URI: http://localhost:8080/ili/publications      ->  EJB jee.controller.PublicationController
25-Feb-2023 13:34:26.935 INFOS [main] org.apache.openejb.server.cxf.rs.CxfRsHttpListener.logEndpoints            DELETE http://localhost:8080/ili/publications/{id} ->      Response deletePublication(Long)             
25-Feb-2023 13:34:26.935 INFOS [main] org.apache.openejb.server.cxf.rs.CxfRsHttpListener.logEndpoints               GET http://localhost:8080/ili/publications      ->      Response getAllPublication()                 
25-Feb-2023 13:34:26.935 INFOS [main] org.apache.openejb.server.cxf.rs.CxfRsHttpListener.logEndpoints               GET http://localhost:8080/ili/publications/{id} ->      Response findAccount(Long)                   
25-Feb-2023 13:34:26.935 INFOS [main] org.apache.openejb.server.cxf.rs.CxfRsHttpListener.logEndpoints              POST http://localhost:8080/ili/publications      ->      Response createPublication(Publication)      
25-Feb-2023 13:34:26.935 INFOS [main] org.apache.openejb.server.cxf.rs.CxfRsHttpListener.logEndpoints               PUT http://localhost:8080/ili/publications/{id} ->      Response updatePublication(Long, Publication)
25-Feb-2023 13:34:26.967 INFOS [main] java.lang.reflect.Method.invoke Le déploiement de l'archive de l'application web [/Users/thekingzeineddine/eclipse-workspace/familio/target/apache-tomee/webapps/ili.war] s'est terminé en [6 761] ms
25-Feb-2023 13:34:26.985 INFOS [main] java.lang.reflect.Method.invoke Démarrage du gestionnaire de protocole ["http-nio-8080"]
25-Feb-2023 13:34:27.001 INFOS [main] java.lang.reflect.Method.invoke Le démarrage du serveur a pris [6876] millisecondes
25-Feb-2023 13:34:31.555 INFO [http-nio-8080-exec-3] org.hibernate.jpa.internal.util.LogHelper.logPersistenceUnitInformation HHH000204: Processing PersistenceUnitInfo [name: projet]
25-Feb-2023 13:34:31.760 INFO [http-nio-8080-exec-3] org.hibernate.Version.logVersion HHH000412: Hibernate ORM core version 6.1.6.Final
25-Feb-2023 13:34:32.185 WARN [http-nio-8080-exec-3] org.hibernate.boot.internal.MetadataBuilderImpl$MetadataBuildingOptionsImpl.lambda$new$1 HHH90000021: Encountered deprecated setting [javax.persistence.sharedCache.mode], use [jakarta.persistence.sharedCache.mode] instead
25-Feb-2023 13:34:32.637 INFO [http-nio-8080-exec-3] org.hibernate.engine.jdbc.dialect.internal.DialectFactoryImpl.logSelectedDialect HHH000400: Using dialect: org.hibernate.dialect.PostgreSQL95Dialect
25-Feb-2023 13:34:32.638 WARN [http-nio-8080-exec-3] org.hibernate.engine.jdbc.dialect.internal.DialectFactoryImpl.logSelectedDialect HHH90000026: PostgreSQL95Dialect has been deprecated; use org.hibernate.dialect.PostgreSQLDialect instead
25-Feb-2023 13:34:33.084 INFO [http-nio-8080-exec-3] org.hibernate.id.enhanced.TableGenerator.determineDefaultSegmentValue HHH000398: Explicit segment value for id generator [AccountGen.sequence_name] suggested; using default [Photo]
25-Feb-2023 13:34:33.099 INFO [http-nio-8080-exec-3] org.hibernate.id.enhanced.TableGenerator.determineDefaultSegmentValue HHH000398: Explicit segment value for id generator [AccountGen.sequence_name] suggested; using default [Profile]
25-Feb-2023 13:34:33.099 INFO [http-nio-8080-exec-3] org.hibernate.id.enhanced.TableGenerator.determineDefaultSegmentValue HHH000398: Explicit segment value for id generator [AccountGen.sequence_name] suggested; using default [Account]
25-Feb-2023 13:34:33.099 INFO [http-nio-8080-exec-3] org.hibernate.id.enhanced.TableGenerator.determineDefaultSegmentValue HHH000398: Explicit segment value for id generator [SEQ_TABLE.sequence_name] suggested; using default [Publication]
25-Feb-2023 13:34:33.441 INFO [http-nio-8080-exec-3] org.hibernate.engine.transaction.jta.platform.internal.JtaPlatformInitiator.initiateService HHH000490: Using JtaPlatform implementation: [org.apache.openejb.hibernate.OpenEJBJtaPlatform2]
25-Feb-2023 13:34:35.012 INFOS [http-nio-8080-exec-3] org.apache.openejb.assembler.classic.ReloadableEntityManagerFactory.createDelegate PersistenceUnit(name=projet, provider=org.hibernate.jpa.HibernatePersistenceProvider) - provider time 3517ms
25-Feb-2023 13:36:33.352 INFOS [main] java.lang.reflect.Method.invoke Une commande d'arrêt valide a été reçue sur le port d'arrêt, arrêt de l'instance du serveur
25-Feb-2023 13:36:33.374 INFOS [main] java.lang.reflect.Method.invoke Le gestionnaire de protocole ["http-nio-8080"] est mis en pause
25-Feb-2023 13:36:33.405 INFOS [main] java.lang.reflect.Method.invoke Arrêt du service [Catalina]
25-Feb-2023 13:36:33.736 INFOS [main] org.apache.openejb.assembler.classic.Assembler.destroyApplication Undeploying app: /Users/thekingzeineddine/eclipse-workspace/familio/target/apache-tomee/webapps/ili
25-Feb-2023 13:36:33.861 INFO [main] org.hibernate.resource.beans.container.spi.AbstractCdiBeanContainer.stop HHH10005004: Stopping BeanContainer : org.hibernate.resource.beans.container.internal.CdiBeanContainerImmediateAccessImpl@24e6e392
25-Feb-2023 13:36:33.872 INFOS [main] org.apache.openejb.assembler.classic.Assembler.doResourceDestruction Closing DataSource: ili/projet
25-Feb-2023 13:36:34.312 AVERTISSEMENT [main] org.apache.catalina.loader.WebappClassLoaderBase.clearReferencesJdbc L'application web [ili] a enregistré un pilote JDBC [org.postgresql.Driver], mais ne l'a pas désenregistré avant l'arrêt de l'application.  Pour éviter une fuite de mémoire, le pilote JDBC a été désenregistré de force.
25-Feb-2023 13:36:34.313 AVERTISSEMENT [main] org.apache.catalina.loader.WebappClassLoaderBase.checkThreadLocalsForLeaks Quand Java 9 est utilisé, il faut utiliser "--add-opens=java.base/java.lang=ALL-UNNAMED" sur la ligne de commande de la JVM pour activer la détection de fuites de mémoire des ThreadLocal ; sinon cet avertissement peut être supprimé en désactivant cette détection
25-Feb-2023 13:36:34.316 AVERTISSEMENT [main] org.apache.catalina.loader.WebappClassLoaderBase.clearReferencesRmiTargets Quand Java 9 est utilisé, il faut utiliser "--add-opens=java.rmi/sun.rmi.transport=ALL-UNNAMED" sur la ligne de commande de la JVM pour activer la détection de fuites de mémoire des cibles RMI ; sinon cet avertissement peut être supprimé en désactivant cette détection
25-Feb-2023 13:36:34.319 INFOS [main] java.lang.reflect.Method.invoke Arrêt du gestionnaire de protocole ["http-nio-8080"]
25-Feb-2023 13:36:34.328 INFOS [main] org.apache.openejb.server.SimpleServiceManager.stop Stopping server services
25-Feb-2023 13:36:34.342 INFOS [main] org.apache.openejb.assembler.classic.Assembler.doResourceDestruction Closing DataSource: ili/projetNonJta
25-Feb-2023 13:36:34.349 INFOS [main] java.lang.reflect.Method.invoke Destruction du gestionnaire de protocole ["http-nio-8080"]
